#
# A fatal error has been detected by the Java Runtime Environment:
#
#  EXCEPTION_ACCESS_VIOLATION (0xc0000005) at pc=0x000002062f8b1196, pid=13080, tid=1268
#
# JRE version: Java(TM) SE Runtime Environment (11.0.6+8) (build 11.0.6+8-LTS)
# Java VM: Java HotSpot(TM) 64-Bit Server VM (11.0.6+8-LTS, mixed mode, tiered, compressed oops, g1 gc, windows-amd64)
# Problematic frame:
# J 847 c2 java.util.zip.ZipFile.getEntry(Ljava/lang/String;Ljava/util/function/Function;)Ljava/util/zip/ZipEntry; java.base@11.0.6 (73 bytes) @ 0x000002062f8b1196 [0x000002062f8b1140+0x0000000000000056]
#
# No core dump will be written. Minidumps are not enabled by default on client versions of Windows
#
# If you would like to submit a bug report, please visit:
#   http://bugreport.java.com/bugreport/crash.jsp
#

---------------  S U M M A R Y ------------

Command Line: --add-opens=java.base/java.util=ALL-UNNAMED --add-opens=java.base/java.lang=ALL-UNNAMED --add-opens=java.base/java.lang.invoke=ALL-UNNAMED --add-opens=java.prefs/java.util.prefs=ALL-UNNAMED -XX:MaxMetaspaceSize=256m -XX:+HeapDumpOnOutOfMemoryError -Xms256m -Xmx512m -Dfile.encoding=x-windows-949 -Duser.country=KR -Duser.language=ko -Duser.variant org.gradle.launcher.daemon.bootstrap.GradleDaemon 6.0.1

Host: AMD Ryzen 7 1700 Eight-Core Processor          , 16 cores, 15G,  Windows 10 , 64 bit Build 18362 (10.0.18362.329)
Time: Sun Jan 19 23:10:40 2020 ¢¥eCN©öI¡¾©ö C¡ÍA¨ª¨öA elapsed time: 2 seconds (0d 0h 0m 2s)

---------------  T H R E A D  ---------------

Current thread (0x000002063d262800):  JavaThread "Daemon worker" [_thread_in_Java, id=1268, stack(0x000000f68e700000,0x000000f68e800000)]

Stack: [0x000000f68e700000,0x000000f68e800000],  sp=0x000000f68e7fa6c8,  free space=1001k
Native frames: (J=compiled Java code, j=interpreted, Vv=VM code, C=native code)
C  0x000002062f8b1196


siginfo: EXCEPTION_ACCESS_VIOLATION (0xc0000005), reading address 0x0000000161532080


Register to memory mapping:

RIP=0x000002062f8b1196 is at entry_point+86 in (nmethod*)0x000002062f8b0f10
RAX=0x00000000eee9a160 is an oop: jdk.internal.loader.URLClassPath$JarLoader 
{0x00000000eee9a160} - klass: 'jdk/internal/loader/URLClassPath$JarLoader'
RBX=0x00000000eee9a7e0 is an oop: java.util.jar.JarFile 
{0x00000000eee9a7e0} - klass: 'java/util/jar/JarFile'
RCX=0x00000000eb079040 points into unknown readable memory: 00 00 00 00 00 00 00 00
RDX=0x00000000eee9a7e0 is an oop: java.util.jar.JarFile 
{0x00000000eee9a7e0} - klass: 'java/util/jar/JarFile'
RSP=0x000000f68e7fa6c8 is pointing into the stack for thread: 0x000002063d262800
RBP=0x0000000000000018 is an unknown value
RSI=0x0000000000000001 is an unknown value
RDI=0x0000000100074820 is a pointer to class: 
java.util.jar.JarFile$1 {0x0000000100074828}
R8 =0x00000000eb077cd8 is an oop: java.lang.String 
{0x00000000eb077cd8} - klass: 'java/lang/String'
R9 =0x00000000eb079030 points into unknown readable memory: 00 00 00 00 00 00 00 00
R10=0x00000000eee9a7e0 is an oop: java.util.jar.JarFile 
{0x00000000eee9a7e0} - klass: 'java/util/jar/JarFile'
R11=0x00000000eee9a7e0 is an oop: java.util.jar.JarFile 
{0x00000000eee9a7e0} - klass: 'java/util/jar/JarFile'
R12=0x0 is NULL
R13=0x0 is NULL
R14=0x0000000000000046 is an unknown value
R15=0x000002063d262800 is a thread


Registers:
RAX=0x00000000eee9a160, RBX=0x00000000eee9a7e0, RCX=0x00000000eb079040, RDX=0x00000000eee9a7e0
RSP=0x000000f68e7fa6c8, RBP=0x0000000000000018, RSI=0x0000000000000001, RDI=0x0000000100074820
R8 =0x00000000eb077cd8, R9 =0x00000000eb079030, R10=0x00000000eee9a7e0, R11=0x00000000eee9a7e0
R12=0x0000000000000000, R13=0x0000000000000000, R14=0x0000000000000046, R15=0x000002063d262800
RIP=0x000002062f8b1196, EFLAGS=0x0000000000010212

Top of Stack: (sp=0x000000f68e7fa6c8)
0x000000f68e7fa6c8:   000002062f8f81c0 3a432f3a656c6966
0x000000f68e7fa6d8:   772f73726573552f 6172672e2f6d6f6f
0x000000f68e7fa6e8:   00000000eb072e28 00000000eee9a7e0
0x000000f68e7fa6f8:   00000000eee9a160 eee9a7e000000000
0x000000f68e7fa708:   00000206eee9a160 00000000eb077cd8
0x000000f68e7fa718:   0000000100074820 00000000eee9a7e0
0x000000f68e7fa728:   0000000100000018 000000010000fcb8
0x000000f68e7fa738:   0000000100033b30 0000000100077288
0x000000f68e7fa748:   00000206e07a9cf8 00000000eb072e80
0x000000f68e7fa758:   0000000100074820 00000000eef60938
0x000000f68e7fa768:   000000010000005a 000000010000fcb8
0x000000f68e7fa778:   0000000100033b30 00000000eb077c80
0x000000f68e7fa788:   000002062f8bb9eb 000002063d262800
0x000000f68e7fa798:   0000020627cd0a90 0000000000000000
0x000000f68e7fa7a8:   0000000000000007 0000000000000001
0x000000f68e7fa7b8:   0000000000000001 0000000000000006 

Instructions: (pc=0x000002062f8b1196)
0x000002062f8b1176:   54 24 48 4c 89 44 24 58 4d 85 c0 0f 84 77 0b 00
0x000002062f8b1186:   00 48 8b 02 4c 8b d0 49 83 e2 07 49 83 fa 05 0f
0x000002062f8b1196:   85 b4 09 00 00 44 8b 52 08 49 c1 e2 03 4d 8b 92
0x000002062f8b11a6:   b8 00 00 00 4d 8b da 4d 0b df 4d 8b c3 4c 33 c0 


Stack slot to memory mapping:
stack at sp + 0 slots: 0x000002062f8f81c0 is at entry_point+224 in (nmethod*)0x000002062f8f7b90
stack at sp + 1 slots: 0x3a432f3a656c6966 is an unknown value
stack at sp + 2 slots: 0x772f73726573552f is an unknown value
stack at sp + 3 slots: 0x6172672e2f6d6f6f is an unknown value
stack at sp + 4 slots: 0x00000000eb072e28 is an oop: [B 
{0x00000000eb072e28} - klass: {type array byte}
 - length: 69
stack at sp + 5 slots: 0x00000000eee9a7e0 is an oop: java.util.jar.JarFile 
{0x00000000eee9a7e0} - klass: 'java/util/jar/JarFile'
stack at sp + 6 slots: 0x00000000eee9a160 is an oop: jdk.internal.loader.URLClassPath$JarLoader 
{0x00000000eee9a160} - klass: 'jdk/internal/loader/URLClassPath$JarLoader'
stack at sp + 7 slots: 0xeee9a7e000000000 is an unknown value



---------------  P R O C E S S  ---------------

Threads class SMR info:
_java_thread_list=0x000002063e1430f0, length=27, elements={
0x000002061f943800, 0x000002063b7ff000, 0x000002063c038800, 0x000002063c09d800,
0x000002063c09f800, 0x000002063c0a2800, 0x000002063c0a6000, 0x000002063c0b0000,
0x000002063c21b800, 0x000002063c22f000, 0x000002063c22d800, 0x000002063c2c4000,
0x000002063e8fb800, 0x000002063e3ca800, 0x000002063ce70800, 0x000002063e41a000,
0x000002063da5b000, 0x000002063d70a000, 0x000002063e542800, 0x000002063d262800,
0x000002063dc2d000, 0x000002063dd7b800, 0x000002063dc2e000, 0x000002063d6c8800,
0x000002063e25f000, 0x000002063e260000, 0x000002063e25d800
}

Java Threads: ( => current thread )
  0x000002061f943800 JavaThread "main" [_thread_blocked, id=8112, stack(0x000000f68c800000,0x000000f68c900000)]
  0x000002063b7ff000 JavaThread "Reference Handler" daemon [_thread_blocked, id=7204, stack(0x000000f68cf00000,0x000000f68d000000)]
  0x000002063c038800 JavaThread "Finalizer" daemon [_thread_blocked, id=6236, stack(0x000000f68d000000,0x000000f68d100000)]
  0x000002063c09d800 JavaThread "Signal Dispatcher" daemon [_thread_blocked, id=7424, stack(0x000000f68d100000,0x000000f68d200000)]
  0x000002063c09f800 JavaThread "Attach Listener" daemon [_thread_blocked, id=12652, stack(0x000000f68d200000,0x000000f68d300000)]
  0x000002063c0a2800 JavaThread "C2 CompilerThread0" daemon [_thread_blocked, id=12388, stack(0x000000f68d300000,0x000000f68d400000)]
  0x000002063c0a6000 JavaThread "C1 CompilerThread0" daemon [_thread_blocked, id=7116, stack(0x000000f68d400000,0x000000f68d500000)]
  0x000002063c0b0000 JavaThread "Sweeper thread" daemon [_thread_blocked, id=11708, stack(0x000000f68d500000,0x000000f68d600000)]
  0x000002063c21b800 JavaThread "Common-Cleaner" daemon [_thread_blocked, id=14216, stack(0x000000f68d600000,0x000000f68d700000)]
  0x000002063c22f000 JavaThread "C1 CompilerThread1" daemon [_thread_blocked, id=8156, stack(0x000000f68d700000,0x000000f68d800000)]
  0x000002063c22d800 JavaThread "C1 CompilerThread2" daemon [_thread_blocked, id=14804, stack(0x000000f68d800000,0x000000f68d900000)]
  0x000002063c2c4000 JavaThread "Service Thread" daemon [_thread_blocked, id=4236, stack(0x000000f68d900000,0x000000f68da00000)]
  0x000002063e8fb800 JavaThread "C1 CompilerThread3" daemon [_thread_blocked, id=712, stack(0x000000f68e100000,0x000000f68e200000)]
  0x000002063e3ca800 JavaThread "Daemon health stats" [_thread_blocked, id=15332, stack(0x000000f68e200000,0x000000f68e300000)]
  0x000002063ce70800 JavaThread "Incoming local TCP Connector on port 64855" [_thread_in_native, id=12608, stack(0x000000f68db00000,0x000000f68dc00000)]
  0x000002063e41a000 JavaThread "Daemon periodic checks" [_thread_blocked, id=1052, stack(0x000000f68e300000,0x000000f68e400000)]
  0x000002063da5b000 JavaThread "Daemon" [_thread_blocked, id=7052, stack(0x000000f68e400000,0x000000f68e500000)]
  0x000002063d70a000 JavaThread "Handler for socket connection from /127.0.0.1:64855 to /127.0.0.1:64856" [_thread_in_native, id=960, stack(0x000000f68e500000,0x000000f68e600000)]
  0x000002063e542800 JavaThread "Cancel handler" [_thread_blocked, id=1084, stack(0x000000f68e600000,0x000000f68e700000)]
=>0x000002063d262800 JavaThread "Daemon worker" [_thread_in_Java, id=1268, stack(0x000000f68e700000,0x000000f68e800000)]
  0x000002063dc2d000 JavaThread "Asynchronous log dispatcher for DefaultDaemonConnection: socket connection from /127.0.0.1:64855 to /127.0.0.1:64856" [_thread_blocked, id=2276, stack(0x000000f68e800000,0x000000f68e900000)]
  0x000002063dd7b800 JavaThread "Stdin handler" [_thread_blocked, id=8220, stack(0x000000f68e900000,0x000000f68ea00000)]
  0x000002063dc2e000 JavaThread "Thread-8" [_thread_blocked, id=15172, stack(0x000000f68ea00000,0x000000f68eb00000)]
  0x000002063d6c8800 JavaThread "C2 CompilerThread1" daemon [_thread_blocked, id=15636, stack(0x000000f68eb00000,0x000000f68ec00000)]
  0x000002063e25f000 JavaThread "Cache worker for file hash cache (C:\Users\woom\.gradle\caches\6.0.1\fileHashes)" [_thread_blocked, id=13096, stack(0x000000f68ec00000,0x000000f68ed00000)]
  0x000002063e260000 JavaThread "File lock request listener" [_thread_in_native, id=11768, stack(0x000000f68ed00000,0x000000f68ee00000)]
  0x000002063e25d800 JavaThread "Cache worker for journal cache (C:\Users\woom\.gradle\caches\journal-1)" [_thread_blocked, id=14524, stack(0x000000f68ee00000,0x000000f68ef00000)]

Other Threads:
  0x000002063b7fb000 VMThread "VM Thread" [stack: 0x000000f68ce00000,0x000000f68cf00000] [id=13600]
  0x000002063c2ca000 WatcherThread [stack: 0x000000f68da00000,0x000000f68db00000] [id=12724]
  0x000002061f95b000 GCTaskThread "GC Thread#0" [stack: 0x000000f68c900000,0x000000f68ca00000] [id=11596]
  0x000002063ceb9000 GCTaskThread "GC Thread#1" [stack: 0x000000f68dc00000,0x000000f68dd00000] [id=11276]
  0x000002063cea6000 GCTaskThread "GC Thread#2" [stack: 0x000000f68dd00000,0x000000f68de00000] [id=11136]
  0x000002063cbc7800 GCTaskThread "GC Thread#3" [stack: 0x000000f68de00000,0x000000f68df00000] [id=2016]
  0x000002063cbc8000 GCTaskThread "GC Thread#4" [stack: 0x000000f68df00000,0x000000f68e000000] [id=15644]
  0x000002063d19c800 GCTaskThread "GC Thread#5" [stack: 0x000000f68e000000,0x000000f68e100000] [id=7524]
  0x000002061f96e000 ConcurrentGCThread "G1 Main Marker" [stack: 0x000000f68ca00000,0x000000f68cb00000] [id=16348]
  0x000002061f970800 ConcurrentGCThread "G1 Conc#0" [stack: 0x000000f68cb00000,0x000000f68cc00000] [id=3512]
  0x000002061fa1e000 ConcurrentGCThread "G1 Refine#0" [stack: 0x000000f68cc00000,0x000000f68cd00000] [id=14156]
  0x000002063b695800 ConcurrentGCThread "G1 Young RemSet Sampling" [stack: 0x000000f68cd00000,0x000000f68ce00000] [id=9240]

Threads with active compile tasks:

VM state:not at safepoint (normal execution)

VM Mutex/Monitor currently owned by a thread: None

Heap address: 0x00000000e0000000, size: 512 MB, Compressed Oops mode: 32-bit
Narrow klass base: 0x0000000000000000, Narrow klass shift: 3
Compressed class space size: 260046848 Address: 0x0000000100000000

Heap:
 garbage-first heap   total 262144K, used 85835K [0x00000000e0000000, 0x0000000100000000)
  region size 1024K, 80 young (81920K), 3 survivors (3072K)
 Metaspace       used 19450K, capacity 19892K, committed 19968K, reserved 272384K
  class space    used 2378K, capacity 2490K, committed 2560K, reserved 253952K
Heap Regions: E=young(eden), S=young(survivor), O=old, HS=humongous(starts), HC=humongous(continues), CS=collection set, F=free, A=archive, TAMS=top-at-mark-start (previous, next)
|   0|0x00000000e0000000, 0x00000000e0000000, 0x00000000e0100000|  0%| F|  |TAMS 0x00000000e0000000, 0x00000000e0000000| Untracked 
|   1|0x00000000e0100000, 0x00000000e0100000, 0x00000000e0200000|  0%| F|  |TAMS 0x00000000e0100000, 0x00000000e0100000| Untracked 
|   2|0x00000000e0200000, 0x00000000e0200000, 0x00000000e0300000|  0%| F|  |TAMS 0x00000000e0200000, 0x00000000e0200000| Untracked 
|   3|0x00000000e0300000, 0x00000000e0400000, 0x00000000e0400000|100%|HS|  |TAMS 0x00000000e0300000, 0x00000000e0300000| Complete 
|   4|0x00000000e0400000, 0x00000000e0500000, 0x00000000e0500000|100%|HC|  |TAMS 0x00000000e0400000, 0x00000000e0400000| Complete 
|   5|0x00000000e0500000, 0x00000000e0600000, 0x00000000e0600000|100%|HC|  |TAMS 0x00000000e0500000, 0x00000000e0500000| Complete 
|   6|0x00000000e0600000, 0x00000000e0700000, 0x00000000e0700000|100%| O|  |TAMS 0x00000000e0600000, 0x00000000e0600000| Untracked 
|   7|0x00000000e0700000, 0x00000000e0800000, 0x00000000e0800000|100%| O|  |TAMS 0x00000000e0700000, 0x00000000e0700000| Untracked 
|   8|0x00000000e0800000, 0x00000000e08d2e00, 0x00000000e0900000| 82%| O|  |TAMS 0x00000000e0800000, 0x00000000e0800000| Untracked 
|   9|0x00000000e0900000, 0x00000000e0900000, 0x00000000e0a00000|  0%| F|  |TAMS 0x00000000e0900000, 0x00000000e0900000| Untracked 
|  10|0x00000000e0a00000, 0x00000000e0a00000, 0x00000000e0b00000|  0%| F|  |TAMS 0x00000000e0a00000, 0x00000000e0a00000| Untracked 
|  11|0x00000000e0b00000, 0x00000000e0b00000, 0x00000000e0c00000|  0%| F|  |TAMS 0x00000000e0b00000, 0x00000000e0b00000| Untracked 
|  12|0x00000000e0c00000, 0x00000000e0c00000, 0x00000000e0d00000|  0%| F|  |TAMS 0x00000000e0c00000, 0x00000000e0c00000| Untracked 
|  13|0x00000000e0d00000, 0x00000000e0d00000, 0x00000000e0e00000|  0%| F|  |TAMS 0x00000000e0d00000, 0x00000000e0d00000| Untracked 
|  14|0x00000000e0e00000, 0x00000000e0e00000, 0x00000000e0f00000|  0%| F|  |TAMS 0x00000000e0e00000, 0x00000000e0e00000| Untracked 
|  15|0x00000000e0f00000, 0x00000000e0f00000, 0x00000000e1000000|  0%| F|  |TAMS 0x00000000e0f00000, 0x00000000e0f00000| Untracked 
|  16|0x00000000e1000000, 0x00000000e1000000, 0x00000000e1100000|  0%| F|  |TAMS 0x00000000e1000000, 0x00000000e1000000| Untracked 
|  17|0x00000000e1100000, 0x00000000e1100000, 0x00000000e1200000|  0%| F|  |TAMS 0x00000000e1100000, 0x00000000e1100000| Untracked 
|  18|0x00000000e1200000, 0x00000000e1200000, 0x00000000e1300000|  0%| F|  |TAMS 0x00000000e1200000, 0x00000000e1200000| Untracked 
|  19|0x00000000e1300000, 0x00000000e1300000, 0x00000000e1400000|  0%| F|  |TAMS 0x00000000e1300000, 0x00000000e1300000| Untracked 
|  20|0x00000000e1400000, 0x00000000e1400000, 0x00000000e1500000|  0%| F|  |TAMS 0x00000000e1400000, 0x00000000e1400000| Untracked 
|  21|0x00000000e1500000, 0x00000000e1500000, 0x00000000e1600000|  0%| F|  |TAMS 0x00000000e1500000, 0x00000000e1500000| Untracked 
|  22|0x00000000e1600000, 0x00000000e1600000, 0x00000000e1700000|  0%| F|  |TAMS 0x00000000e1600000, 0x00000000e1600000| Untracked 
|  23|0x00000000e1700000, 0x00000000e1700000, 0x00000000e1800000|  0%| F|  |TAMS 0x00000000e1700000, 0x00000000e1700000| Untracked 
|  24|0x00000000e1800000, 0x00000000e1800000, 0x00000000e1900000|  0%| F|  |TAMS 0x00000000e1800000, 0x00000000e1800000| Untracked 
|  25|0x00000000e1900000, 0x00000000e1900000, 0x00000000e1a00000|  0%| F|  |TAMS 0x00000000e1900000, 0x00000000e1900000| Untracked 
|  26|0x00000000e1a00000, 0x00000000e1a00000, 0x00000000e1b00000|  0%| F|  |TAMS 0x00000000e1a00000, 0x00000000e1a00000| Untracked 
|  27|0x00000000e1b00000, 0x00000000e1b00000, 0x00000000e1c00000|  0%| F|  |TAMS 0x00000000e1b00000, 0x00000000e1b00000| Untracked 
|  28|0x00000000e1c00000, 0x00000000e1c00000, 0x00000000e1d00000|  0%| F|  |TAMS 0x00000000e1c00000, 0x00000000e1c00000| Untracked 
|  29|0x00000000e1d00000, 0x00000000e1d00000, 0x00000000e1e00000|  0%| F|  |TAMS 0x00000000e1d00000, 0x00000000e1d00000| Untracked 
|  30|0x00000000e1e00000, 0x00000000e1e00000, 0x00000000e1f00000|  0%| F|  |TAMS 0x00000000e1e00000, 0x00000000e1e00000| Untracked 
|  31|0x00000000e1f00000, 0x00000000e1f00000, 0x00000000e2000000|  0%| F|  |TAMS 0x00000000e1f00000, 0x00000000e1f00000| Untracked 
|  32|0x00000000e2000000, 0x00000000e2000000, 0x00000000e2100000|  0%| F|  |TAMS 0x00000000e2000000, 0x00000000e2000000| Untracked 
|  33|0x00000000e2100000, 0x00000000e2100000, 0x00000000e2200000|  0%| F|  |TAMS 0x00000000e2100000, 0x00000000e2100000| Untracked 
|  34|0x00000000e2200000, 0x00000000e2200000, 0x00000000e2300000|  0%| F|  |TAMS 0x00000000e2200000, 0x00000000e2200000| Untracked 
|  35|0x00000000e2300000, 0x00000000e2300000, 0x00000000e2400000|  0%| F|  |TAMS 0x00000000e2300000, 0x00000000e2300000| Untracked 
|  36|0x00000000e2400000, 0x00000000e2400000, 0x00000000e2500000|  0%| F|  |TAMS 0x00000000e2400000, 0x00000000e2400000| Untracked 
|  37|0x00000000e2500000, 0x00000000e2500000, 0x00000000e2600000|  0%| F|  |TAMS 0x00000000e2500000, 0x00000000e2500000| Untracked 
|  38|0x00000000e2600000, 0x00000000e2600000, 0x00000000e2700000|  0%| F|  |TAMS 0x00000000e2600000, 0x00000000e2600000| Untracked 
|  39|0x00000000e2700000, 0x00000000e2700000, 0x00000000e2800000|  0%| F|  |TAMS 0x00000000e2700000, 0x00000000e2700000| Untracked 
|  40|0x00000000e2800000, 0x00000000e2800000, 0x00000000e2900000|  0%| F|  |TAMS 0x00000000e2800000, 0x00000000e2800000| Untracked 
|  41|0x00000000e2900000, 0x00000000e2900000, 0x00000000e2a00000|  0%| F|  |TAMS 0x00000000e2900000, 0x00000000e2900000| Untracked 
|  42|0x00000000e2a00000, 0x00000000e2a00000, 0x00000000e2b00000|  0%| F|  |TAMS 0x00000000e2a00000, 0x00000000e2a00000| Untracked 
|  43|0x00000000e2b00000, 0x00000000e2b00000, 0x00000000e2c00000|  0%| F|  |TAMS 0x00000000e2b00000, 0x00000000e2b00000| Untracked 
|  44|0x00000000e2c00000, 0x00000000e2c00000, 0x00000000e2d00000|  0%| F|  |TAMS 0x00000000e2c00000, 0x00000000e2c00000| Untracked 
|  45|0x00000000e2d00000, 0x00000000e2d00000, 0x00000000e2e00000|  0%| F|  |TAMS 0x00000000e2d00000, 0x00000000e2d00000| Untracked 
|  46|0x00000000e2e00000, 0x00000000e2e00000, 0x00000000e2f00000|  0%| F|  |TAMS 0x00000000e2e00000, 0x00000000e2e00000| Untracked 
|  47|0x00000000e2f00000, 0x00000000e2f00000, 0x00000000e3000000|  0%| F|  |TAMS 0x00000000e2f00000, 0x00000000e2f00000| Untracked 
|  48|0x00000000e3000000, 0x00000000e3000000, 0x00000000e3100000|  0%| F|  |TAMS 0x00000000e3000000, 0x00000000e3000000| Untracked 
|  49|0x00000000e3100000, 0x00000000e3100000, 0x00000000e3200000|  0%| F|  |TAMS 0x00000000e3100000, 0x00000000e3100000| Untracked 
|  50|0x00000000e3200000, 0x00000000e3200000, 0x00000000e3300000|  0%| F|  |TAMS 0x00000000e3200000, 0x00000000e3200000| Untracked 
|  51|0x00000000e3300000, 0x00000000e3300000, 0x00000000e3400000|  0%| F|  |TAMS 0x00000000e3300000, 0x00000000e3300000| Untracked 
|  52|0x00000000e3400000, 0x00000000e3400000, 0x00000000e3500000|  0%| F|  |TAMS 0x00000000e3400000, 0x00000000e3400000| Untracked 
|  53|0x00000000e3500000, 0x00000000e3500000, 0x00000000e3600000|  0%| F|  |TAMS 0x00000000e3500000, 0x00000000e3500000| Untracked 
|  54|0x00000000e3600000, 0x00000000e3600000, 0x00000000e3700000|  0%| F|  |TAMS 0x00000000e3600000, 0x00000000e3600000| Untracked 
|  55|0x00000000e3700000, 0x00000000e3700000, 0x00000000e3800000|  0%| F|  |TAMS 0x00000000e3700000, 0x00000000e3700000| Untracked 
|  56|0x00000000e3800000, 0x00000000e3800000, 0x00000000e3900000|  0%| F|  |TAMS 0x00000000e3800000, 0x00000000e3800000| Untracked 
|  57|0x00000000e3900000, 0x00000000e3900000, 0x00000000e3a00000|  0%| F|  |TAMS 0x00000000e3900000, 0x00000000e3900000| Untracked 
|  58|0x00000000e3a00000, 0x00000000e3a00000, 0x00000000e3b00000|  0%| F|  |TAMS 0x00000000e3a00000, 0x00000000e3a00000| Untracked 
|  59|0x00000000e3b00000, 0x00000000e3b00000, 0x00000000e3c00000|  0%| F|  |TAMS 0x00000000e3b00000, 0x00000000e3b00000| Untracked 
|  60|0x00000000e3c00000, 0x00000000e3c00000, 0x00000000e3d00000|  0%| F|  |TAMS 0x00000000e3c00000, 0x00000000e3c00000| Untracked 
|  61|0x00000000e3d00000, 0x00000000e3d00000, 0x00000000e3e00000|  0%| F|  |TAMS 0x00000000e3d00000, 0x00000000e3d00000| Untracked 
|  62|0x00000000e3e00000, 0x00000000e3e00000, 0x00000000e3f00000|  0%| F|  |TAMS 0x00000000e3e00000, 0x00000000e3e00000| Untracked 
|  63|0x00000000e3f00000, 0x00000000e3f00000, 0x00000000e4000000|  0%| F|  |TAMS 0x00000000e3f00000, 0x00000000e3f00000| Untracked 
|  64|0x00000000e4000000, 0x00000000e4000000, 0x00000000e4100000|  0%| F|  |TAMS 0x00000000e4000000, 0x00000000e4000000| Untracked 
|  65|0x00000000e4100000, 0x00000000e4100000, 0x00000000e4200000|  0%| F|  |TAMS 0x00000000e4100000, 0x00000000e4100000| Untracked 
|  66|0x00000000e4200000, 0x00000000e4200000, 0x00000000e4300000|  0%| F|  |TAMS 0x00000000e4200000, 0x00000000e4200000| Untracked 
|  67|0x00000000e4300000, 0x00000000e4300000, 0x00000000e4400000|  0%| F|  |TAMS 0x00000000e4300000, 0x00000000e4300000| Untracked 
|  68|0x00000000e4400000, 0x00000000e4400000, 0x00000000e4500000|  0%| F|  |TAMS 0x00000000e4400000, 0x00000000e4400000| Untracked 
|  69|0x00000000e4500000, 0x00000000e4500000, 0x00000000e4600000|  0%| F|  |TAMS 0x00000000e4500000, 0x00000000e4500000| Untracked 
|  70|0x00000000e4600000, 0x00000000e4600000, 0x00000000e4700000|  0%| F|  |TAMS 0x00000000e4600000, 0x00000000e4600000| Untracked 
|  71|0x00000000e4700000, 0x00000000e4700000, 0x00000000e4800000|  0%| F|  |TAMS 0x00000000e4700000, 0x00000000e4700000| Untracked 
|  72|0x00000000e4800000, 0x00000000e4800000, 0x00000000e4900000|  0%| F|  |TAMS 0x00000000e4800000, 0x00000000e4800000| Untracked 
|  73|0x00000000e4900000, 0x00000000e4900000, 0x00000000e4a00000|  0%| F|  |TAMS 0x00000000e4900000, 0x00000000e4900000| Untracked 
|  74|0x00000000e4a00000, 0x00000000e4a00000, 0x00000000e4b00000|  0%| F|  |TAMS 0x00000000e4a00000, 0x00000000e4a00000| Untracked 
|  75|0x00000000e4b00000, 0x00000000e4b00000, 0x00000000e4c00000|  0%| F|  |TAMS 0x00000000e4b00000, 0x00000000e4b00000| Untracked 
|  76|0x00000000e4c00000, 0x00000000e4c00000, 0x00000000e4d00000|  0%| F|  |TAMS 0x00000000e4c00000, 0x00000000e4c00000| Untracked 
|  77|0x00000000e4d00000, 0x00000000e4d00000, 0x00000000e4e00000|  0%| F|  |TAMS 0x00000000e4d00000, 0x00000000e4d00000| Untracked 
|  78|0x00000000e4e00000, 0x00000000e4e00000, 0x00000000e4f00000|  0%| F|  |TAMS 0x00000000e4e00000, 0x00000000e4e00000| Untracked 
|  79|0x00000000e4f00000, 0x00000000e4f00000, 0x00000000e5000000|  0%| F|  |TAMS 0x00000000e4f00000, 0x00000000e4f00000| Untracked 
|  80|0x00000000e5000000, 0x00000000e5000000, 0x00000000e5100000|  0%| F|  |TAMS 0x00000000e5000000, 0x00000000e5000000| Untracked 
|  81|0x00000000e5100000, 0x00000000e5100000, 0x00000000e5200000|  0%| F|  |TAMS 0x00000000e5100000, 0x00000000e5100000| Untracked 
|  82|0x00000000e5200000, 0x00000000e5200000, 0x00000000e5300000|  0%| F|  |TAMS 0x00000000e5200000, 0x00000000e5200000| Untracked 
|  83|0x00000000e5300000, 0x00000000e5300000, 0x00000000e5400000|  0%| F|  |TAMS 0x00000000e5300000, 0x00000000e5300000| Untracked 
|  84|0x00000000e5400000, 0x00000000e5400000, 0x00000000e5500000|  0%| F|  |TAMS 0x00000000e5400000, 0x00000000e5400000| Untracked 
|  85|0x00000000e5500000, 0x00000000e5500000, 0x00000000e5600000|  0%| F|  |TAMS 0x00000000e5500000, 0x00000000e5500000| Untracked 
|  86|0x00000000e5600000, 0x00000000e5600000, 0x00000000e5700000|  0%| F|  |TAMS 0x00000000e5600000, 0x00000000e5600000| Untracked 
|  87|0x00000000e5700000, 0x00000000e5700000, 0x00000000e5800000|  0%| F|  |TAMS 0x00000000e5700000, 0x00000000e5700000| Untracked 
|  88|0x00000000e5800000, 0x00000000e5800000, 0x00000000e5900000|  0%| F|  |TAMS 0x00000000e5800000, 0x00000000e5800000| Untracked 
|  89|0x00000000e5900000, 0x00000000e5900000, 0x00000000e5a00000|  0%| F|  |TAMS 0x00000000e5900000, 0x00000000e5900000| Untracked 
|  90|0x00000000e5a00000, 0x00000000e5a00000, 0x00000000e5b00000|  0%| F|  |TAMS 0x00000000e5a00000, 0x00000000e5a00000| Untracked 
|  91|0x00000000e5b00000, 0x00000000e5b00000, 0x00000000e5c00000|  0%| F|  |TAMS 0x00000000e5b00000, 0x00000000e5b00000| Untracked 
|  92|0x00000000e5c00000, 0x00000000e5c00000, 0x00000000e5d00000|  0%| F|  |TAMS 0x00000000e5c00000, 0x00000000e5c00000| Untracked 
|  93|0x00000000e5d00000, 0x00000000e5d00000, 0x00000000e5e00000|  0%| F|  |TAMS 0x00000000e5d00000, 0x00000000e5d00000| Untracked 
|  94|0x00000000e5e00000, 0x00000000e5e00000, 0x00000000e5f00000|  0%| F|  |TAMS 0x00000000e5e00000, 0x00000000e5e00000| Untracked 
|  95|0x00000000e5f00000, 0x00000000e5f00000, 0x00000000e6000000|  0%| F|  |TAMS 0x00000000e5f00000, 0x00000000e5f00000| Untracked 
|  96|0x00000000e6000000, 0x00000000e6000000, 0x00000000e6100000|  0%| F|  |TAMS 0x00000000e6000000, 0x00000000e6000000| Untracked 
|  97|0x00000000e6100000, 0x00000000e6100000, 0x00000000e6200000|  0%| F|  |TAMS 0x00000000e6100000, 0x00000000e6100000| Untracked 
|  98|0x00000000e6200000, 0x00000000e6200000, 0x00000000e6300000|  0%| F|  |TAMS 0x00000000e6200000, 0x00000000e6200000| Untracked 
|  99|0x00000000e6300000, 0x00000000e6300000, 0x00000000e6400000|  0%| F|  |TAMS 0x00000000e6300000, 0x00000000e6300000| Untracked 
| 100|0x00000000e6400000, 0x00000000e6400000, 0x00000000e6500000|  0%| F|  |TAMS 0x00000000e6400000, 0x00000000e6400000| Untracked 
| 101|0x00000000e6500000, 0x00000000e6500000, 0x00000000e6600000|  0%| F|  |TAMS 0x00000000e6500000, 0x00000000e6500000| Untracked 
| 102|0x00000000e6600000, 0x00000000e6600000, 0x00000000e6700000|  0%| F|  |TAMS 0x00000000e6600000, 0x00000000e6600000| Untracked 
| 103|0x00000000e6700000, 0x00000000e6700000, 0x00000000e6800000|  0%| F|  |TAMS 0x00000000e6700000, 0x00000000e6700000| Untracked 
| 104|0x00000000e6800000, 0x00000000e6800000, 0x00000000e6900000|  0%| F|  |TAMS 0x00000000e6800000, 0x00000000e6800000| Untracked 
| 105|0x00000000e6900000, 0x00000000e6900000, 0x00000000e6a00000|  0%| F|  |TAMS 0x00000000e6900000, 0x00000000e6900000| Untracked 
| 106|0x00000000e6a00000, 0x00000000e6a00000, 0x00000000e6b00000|  0%| F|  |TAMS 0x00000000e6a00000, 0x00000000e6a00000| Untracked 
| 107|0x00000000e6b00000, 0x00000000e6b00000, 0x00000000e6c00000|  0%| F|  |TAMS 0x00000000e6b00000, 0x00000000e6b00000| Untracked 
| 108|0x00000000e6c00000, 0x00000000e6c00000, 0x00000000e6d00000|  0%| F|  |TAMS 0x00000000e6c00000, 0x00000000e6c00000| Untracked 
| 109|0x00000000e6d00000, 0x00000000e6d00000, 0x00000000e6e00000|  0%| F|  |TAMS 0x00000000e6d00000, 0x00000000e6d00000| Untracked 
| 110|0x00000000e6e00000, 0x00000000e6e00000, 0x00000000e6f00000|  0%| F|  |TAMS 0x00000000e6e00000, 0x00000000e6e00000| Untracked 
| 111|0x00000000e6f00000, 0x00000000e6f00000, 0x00000000e7000000|  0%| F|  |TAMS 0x00000000e6f00000, 0x00000000e6f00000| Untracked 
| 112|0x00000000e7000000, 0x00000000e7000000, 0x00000000e7100000|  0%| F|  |TAMS 0x00000000e7000000, 0x00000000e7000000| Untracked 
| 113|0x00000000e7100000, 0x00000000e7100000, 0x00000000e7200000|  0%| F|  |TAMS 0x00000000e7100000, 0x00000000e7100000| Untracked 
| 114|0x00000000e7200000, 0x00000000e7200000, 0x00000000e7300000|  0%| F|  |TAMS 0x00000000e7200000, 0x00000000e7200000| Untracked 
| 115|0x00000000e7300000, 0x00000000e7300000, 0x00000000e7400000|  0%| F|  |TAMS 0x00000000e7300000, 0x00000000e7300000| Untracked 
| 116|0x00000000e7400000, 0x00000000e7400000, 0x00000000e7500000|  0%| F|  |TAMS 0x00000000e7400000, 0x00000000e7400000| Untracked 
| 117|0x00000000e7500000, 0x00000000e7500000, 0x00000000e7600000|  0%| F|  |TAMS 0x00000000e7500000, 0x00000000e7500000| Untracked 
| 118|0x00000000e7600000, 0x00000000e7600000, 0x00000000e7700000|  0%| F|  |TAMS 0x00000000e7600000, 0x00000000e7600000| Untracked 
| 119|0x00000000e7700000, 0x00000000e7700000, 0x00000000e7800000|  0%| F|  |TAMS 0x00000000e7700000, 0x00000000e7700000| Untracked 
| 120|0x00000000e7800000, 0x00000000e7800000, 0x00000000e7900000|  0%| F|  |TAMS 0x00000000e7800000, 0x00000000e7800000| Untracked 
| 121|0x00000000e7900000, 0x00000000e7900000, 0x00000000e7a00000|  0%| F|  |TAMS 0x00000000e7900000, 0x00000000e7900000| Untracked 
| 122|0x00000000e7a00000, 0x00000000e7a00000, 0x00000000e7b00000|  0%| F|  |TAMS 0x00000000e7a00000, 0x00000000e7a00000| Untracked 
| 123|0x00000000e7b00000, 0x00000000e7b00000, 0x00000000e7c00000|  0%| F|  |TAMS 0x00000000e7b00000, 0x00000000e7b00000| Untracked 
| 124|0x00000000e7c00000, 0x00000000e7c00000, 0x00000000e7d00000|  0%| F|  |TAMS 0x00000000e7c00000, 0x00000000e7c00000| Untracked 
| 125|0x00000000e7d00000, 0x00000000e7d00000, 0x00000000e7e00000|  0%| F|  |TAMS 0x00000000e7d00000, 0x00000000e7d00000| Untracked 
| 126|0x00000000e7e00000, 0x00000000e7e00000, 0x00000000e7f00000|  0%| F|  |TAMS 0x00000000e7e00000, 0x00000000e7e00000| Untracked 
| 127|0x00000000e7f00000, 0x00000000e7f00000, 0x00000000e8000000|  0%| F|  |TAMS 0x00000000e7f00000, 0x00000000e7f00000| Untracked 
| 128|0x00000000e8000000, 0x00000000e8000000, 0x00000000e8100000|  0%| F|  |TAMS 0x00000000e8000000, 0x00000000e8000000| Untracked 
| 129|0x00000000e8100000, 0x00000000e8100000, 0x00000000e8200000|  0%| F|  |TAMS 0x00000000e8100000, 0x00000000e8100000| Untracked 
| 130|0x00000000e8200000, 0x00000000e8200000, 0x00000000e8300000|  0%| F|  |TAMS 0x00000000e8200000, 0x00000000e8200000| Untracked 
| 131|0x00000000e8300000, 0x00000000e8300000, 0x00000000e8400000|  0%| F|  |TAMS 0x00000000e8300000, 0x00000000e8300000| Untracked 
| 132|0x00000000e8400000, 0x00000000e8400000, 0x00000000e8500000|  0%| F|  |TAMS 0x00000000e8400000, 0x00000000e8400000| Untracked 
| 133|0x00000000e8500000, 0x00000000e8500000, 0x00000000e8600000|  0%| F|  |TAMS 0x00000000e8500000, 0x00000000e8500000| Untracked 
| 134|0x00000000e8600000, 0x00000000e8600000, 0x00000000e8700000|  0%| F|  |TAMS 0x00000000e8600000, 0x00000000e8600000| Untracked 
| 135|0x00000000e8700000, 0x00000000e8700000, 0x00000000e8800000|  0%| F|  |TAMS 0x00000000e8700000, 0x00000000e8700000| Untracked 
| 136|0x00000000e8800000, 0x00000000e8800000, 0x00000000e8900000|  0%| F|  |TAMS 0x00000000e8800000, 0x00000000e8800000| Untracked 
| 137|0x00000000e8900000, 0x00000000e8900000, 0x00000000e8a00000|  0%| F|  |TAMS 0x00000000e8900000, 0x00000000e8900000| Untracked 
| 138|0x00000000e8a00000, 0x00000000e8a00000, 0x00000000e8b00000|  0%| F|  |TAMS 0x00000000e8a00000, 0x00000000e8a00000| Untracked 
| 139|0x00000000e8b00000, 0x00000000e8b00000, 0x00000000e8c00000|  0%| F|  |TAMS 0x00000000e8b00000, 0x00000000e8b00000| Untracked 
| 140|0x00000000e8c00000, 0x00000000e8c00000, 0x00000000e8d00000|  0%| F|  |TAMS 0x00000000e8c00000, 0x00000000e8c00000| Untracked 
| 141|0x00000000e8d00000, 0x00000000e8d00000, 0x00000000e8e00000|  0%| F|  |TAMS 0x00000000e8d00000, 0x00000000e8d00000| Untracked 
| 142|0x00000000e8e00000, 0x00000000e8e00000, 0x00000000e8f00000|  0%| F|  |TAMS 0x00000000e8e00000, 0x00000000e8e00000| Untracked 
| 143|0x00000000e8f00000, 0x00000000e8f00000, 0x00000000e9000000|  0%| F|  |TAMS 0x00000000e8f00000, 0x00000000e8f00000| Untracked 
| 144|0x00000000e9000000, 0x00000000e9000000, 0x00000000e9100000|  0%| F|  |TAMS 0x00000000e9000000, 0x00000000e9000000| Untracked 
| 145|0x00000000e9100000, 0x00000000e9100000, 0x00000000e9200000|  0%| F|  |TAMS 0x00000000e9100000, 0x00000000e9100000| Untracked 
| 146|0x00000000e9200000, 0x00000000e9200000, 0x00000000e9300000|  0%| F|  |TAMS 0x00000000e9200000, 0x00000000e9200000| Untracked 
| 147|0x00000000e9300000, 0x00000000e9300000, 0x00000000e9400000|  0%| F|  |TAMS 0x00000000e9300000, 0x00000000e9300000| Untracked 
| 148|0x00000000e9400000, 0x00000000e9400000, 0x00000000e9500000|  0%| F|  |TAMS 0x00000000e9400000, 0x00000000e9400000| Untracked 
| 149|0x00000000e9500000, 0x00000000e9500000, 0x00000000e9600000|  0%| F|  |TAMS 0x00000000e9500000, 0x00000000e9500000| Untracked 
| 150|0x00000000e9600000, 0x00000000e9600000, 0x00000000e9700000|  0%| F|  |TAMS 0x00000000e9600000, 0x00000000e9600000| Untracked 
| 151|0x00000000e9700000, 0x00000000e9700000, 0x00000000e9800000|  0%| F|  |TAMS 0x00000000e9700000, 0x00000000e9700000| Untracked 
| 152|0x00000000e9800000, 0x00000000e9800000, 0x00000000e9900000|  0%| F|  |TAMS 0x00000000e9800000, 0x00000000e9800000| Untracked 
| 153|0x00000000e9900000, 0x00000000e9900000, 0x00000000e9a00000|  0%| F|  |TAMS 0x00000000e9900000, 0x00000000e9900000| Untracked 
| 154|0x00000000e9a00000, 0x00000000e9a00000, 0x00000000e9b00000|  0%| F|  |TAMS 0x00000000e9a00000, 0x00000000e9a00000| Untracked 
| 155|0x00000000e9b00000, 0x00000000e9b00000, 0x00000000e9c00000|  0%| F|  |TAMS 0x00000000e9b00000, 0x00000000e9b00000| Untracked 
| 156|0x00000000e9c00000, 0x00000000e9c00000, 0x00000000e9d00000|  0%| F|  |TAMS 0x00000000e9c00000, 0x00000000e9c00000| Untracked 
| 157|0x00000000e9d00000, 0x00000000e9d00000, 0x00000000e9e00000|  0%| F|  |TAMS 0x00000000e9d00000, 0x00000000e9d00000| Untracked 
| 158|0x00000000e9e00000, 0x00000000e9e00000, 0x00000000e9f00000|  0%| F|  |TAMS 0x00000000e9e00000, 0x00000000e9e00000| Untracked 
| 159|0x00000000e9f00000, 0x00000000e9f00000, 0x00000000ea000000|  0%| F|  |TAMS 0x00000000e9f00000, 0x00000000e9f00000| Untracked 
| 160|0x00000000ea000000, 0x00000000ea000000, 0x00000000ea100000|  0%| F|  |TAMS 0x00000000ea000000, 0x00000000ea000000| Untracked 
| 161|0x00000000ea100000, 0x00000000ea100000, 0x00000000ea200000|  0%| F|  |TAMS 0x00000000ea100000, 0x00000000ea100000| Untracked 
| 162|0x00000000ea200000, 0x00000000ea200000, 0x00000000ea300000|  0%| F|  |TAMS 0x00000000ea200000, 0x00000000ea200000| Untracked 
| 163|0x00000000ea300000, 0x00000000ea300000, 0x00000000ea400000|  0%| F|  |TAMS 0x00000000ea300000, 0x00000000ea300000| Untracked 
| 164|0x00000000ea400000, 0x00000000ea400000, 0x00000000ea500000|  0%| F|  |TAMS 0x00000000ea400000, 0x00000000ea400000| Untracked 
| 165|0x00000000ea500000, 0x00000000ea500000, 0x00000000ea600000|  0%| F|  |TAMS 0x00000000ea500000, 0x00000000ea500000| Untracked 
| 166|0x00000000ea600000, 0x00000000ea600000, 0x00000000ea700000|  0%| F|  |TAMS 0x00000000ea600000, 0x00000000ea600000| Untracked 
| 167|0x00000000ea700000, 0x00000000ea700000, 0x00000000ea800000|  0%| F|  |TAMS 0x00000000ea700000, 0x00000000ea700000| Untracked 
| 168|0x00000000ea800000, 0x00000000ea800000, 0x00000000ea900000|  0%| F|  |TAMS 0x00000000ea800000, 0x00000000ea800000| Untracked 
| 169|0x00000000ea900000, 0x00000000ea900000, 0x00000000eaa00000|  0%| F|  |TAMS 0x00000000ea900000, 0x00000000ea900000| Untracked 
| 170|0x00000000eaa00000, 0x00000000eaa00000, 0x00000000eab00000|  0%| F|  |TAMS 0x00000000eaa00000, 0x00000000eaa00000| Untracked 
| 171|0x00000000eab00000, 0x00000000eab00000, 0x00000000eac00000|  0%| F|  |TAMS 0x00000000eab00000, 0x00000000eab00000| Untracked 
| 172|0x00000000eac00000, 0x00000000eac00000, 0x00000000ead00000|  0%| F|  |TAMS 0x00000000eac00000, 0x00000000eac00000| Untracked 
| 173|0x00000000ead00000, 0x00000000ead00000, 0x00000000eae00000|  0%| F|  |TAMS 0x00000000ead00000, 0x00000000ead00000| Untracked 
| 174|0x00000000eae00000, 0x00000000eae00000, 0x00000000eaf00000|  0%| F|  |TAMS 0x00000000eae00000, 0x00000000eae00000| Untracked 
| 175|0x00000000eaf00000, 0x00000000eaf00000, 0x00000000eb000000|  0%| F|  |TAMS 0x00000000eaf00000, 0x00000000eaf00000| Untracked 
| 176|0x00000000eb000000, 0x00000000eb080800, 0x00000000eb100000| 50%| E|  |TAMS 0x00000000eb000000, 0x00000000eb000000| Complete 
| 177|0x00000000eb100000, 0x00000000eb200000, 0x00000000eb200000|100%| E|CS|TAMS 0x00000000eb100000, 0x00000000eb100000| Complete 
| 178|0x00000000eb200000, 0x00000000eb300000, 0x00000000eb300000|100%| E|CS|TAMS 0x00000000eb200000, 0x00000000eb200000| Complete 
| 179|0x00000000eb300000, 0x00000000eb400000, 0x00000000eb400000|100%| E|CS|TAMS 0x00000000eb300000, 0x00000000eb300000| Complete 
| 180|0x00000000eb400000, 0x00000000eb500000, 0x00000000eb500000|100%| E|CS|TAMS 0x00000000eb400000, 0x00000000eb400000| Complete 
| 181|0x00000000eb500000, 0x00000000eb600000, 0x00000000eb600000|100%| E|CS|TAMS 0x00000000eb500000, 0x00000000eb500000| Complete 
| 182|0x00000000eb600000, 0x00000000eb700000, 0x00000000eb700000|100%| E|CS|TAMS 0x00000000eb600000, 0x00000000eb600000| Complete 
| 183|0x00000000eb700000, 0x00000000eb800000, 0x00000000eb800000|100%| E|CS|TAMS 0x00000000eb700000, 0x00000000eb700000| Complete 
| 184|0x00000000eb800000, 0x00000000eb900000, 0x00000000eb900000|100%| E|CS|TAMS 0x00000000eb800000, 0x00000000eb800000| Complete 
| 185|0x00000000eb900000, 0x00000000eba00000, 0x00000000eba00000|100%| E|CS|TAMS 0x00000000eb900000, 0x00000000eb900000| Complete 
| 186|0x00000000eba00000, 0x00000000ebb00000, 0x00000000ebb00000|100%| E|CS|TAMS 0x00000000eba00000, 0x00000000eba00000| Complete 
| 187|0x00000000ebb00000, 0x00000000ebc00000, 0x00000000ebc00000|100%| E|CS|TAMS 0x00000000ebb00000, 0x00000000ebb00000| Complete 
| 188|0x00000000ebc00000, 0x00000000ebd00000, 0x00000000ebd00000|100%| E|CS|TAMS 0x00000000ebc00000, 0x00000000ebc00000| Complete 
| 189|0x00000000ebd00000, 0x00000000ebe00000, 0x00000000ebe00000|100%| E|CS|TAMS 0x00000000ebd00000, 0x00000000ebd00000| Complete 
| 190|0x00000000ebe00000, 0x00000000ebf00000, 0x00000000ebf00000|100%| E|CS|TAMS 0x00000000ebe00000, 0x00000000ebe00000| Complete 
| 191|0x00000000ebf00000, 0x00000000ec000000, 0x00000000ec000000|100%| E|CS|TAMS 0x00000000ebf00000, 0x00000000ebf00000| Complete 
| 192|0x00000000ec000000, 0x00000000ec100000, 0x00000000ec100000|100%| E|CS|TAMS 0x00000000ec000000, 0x00000000ec000000| Complete 
| 193|0x00000000ec100000, 0x00000000ec200000, 0x00000000ec200000|100%| E|CS|TAMS 0x00000000ec100000, 0x00000000ec100000| Complete 
| 194|0x00000000ec200000, 0x00000000ec300000, 0x00000000ec300000|100%| E|CS|TAMS 0x00000000ec200000, 0x00000000ec200000| Complete 
| 195|0x00000000ec300000, 0x00000000ec400000, 0x00000000ec400000|100%| E|CS|TAMS 0x00000000ec300000, 0x00000000ec300000| Complete 
| 196|0x00000000ec400000, 0x00000000ec500000, 0x00000000ec500000|100%| E|CS|TAMS 0x00000000ec400000, 0x00000000ec400000| Complete 
| 197|0x00000000ec500000, 0x00000000ec600000, 0x00000000ec600000|100%| E|CS|TAMS 0x00000000ec500000, 0x00000000ec500000| Complete 
| 198|0x00000000ec600000, 0x00000000ec700000, 0x00000000ec700000|100%| E|CS|TAMS 0x00000000ec600000, 0x00000000ec600000| Complete 
| 199|0x00000000ec700000, 0x00000000ec800000, 0x00000000ec800000|100%| E|CS|TAMS 0x00000000ec700000, 0x00000000ec700000| Complete 
| 200|0x00000000ec800000, 0x00000000ec900000, 0x00000000ec900000|100%| E|CS|TAMS 0x00000000ec800000, 0x00000000ec800000| Complete 
| 201|0x00000000ec900000, 0x00000000eca00000, 0x00000000eca00000|100%| E|CS|TAMS 0x00000000ec900000, 0x00000000ec900000| Complete 
| 202|0x00000000eca00000, 0x00000000ecb00000, 0x00000000ecb00000|100%| E|CS|TAMS 0x00000000eca00000, 0x00000000eca00000| Complete 
| 203|0x00000000ecb00000, 0x00000000ecc00000, 0x00000000ecc00000|100%| E|CS|TAMS 0x00000000ecb00000, 0x00000000ecb00000| Complete 
| 204|0x00000000ecc00000, 0x00000000ecd00000, 0x00000000ecd00000|100%| E|CS|TAMS 0x00000000ecc00000, 0x00000000ecc00000| Complete 
| 205|0x00000000ecd00000, 0x00000000ece00000, 0x00000000ece00000|100%| E|CS|TAMS 0x00000000ecd00000, 0x00000000ecd00000| Complete 
| 206|0x00000000ece00000, 0x00000000ecf00000, 0x00000000ecf00000|100%| E|CS|TAMS 0x00000000ece00000, 0x00000000ece00000| Complete 
| 207|0x00000000ecf00000, 0x00000000ed000000, 0x00000000ed000000|100%| E|CS|TAMS 0x00000000ecf00000, 0x00000000ecf00000| Complete 
| 208|0x00000000ed000000, 0x00000000ed100000, 0x00000000ed100000|100%| E|CS|TAMS 0x00000000ed000000, 0x00000000ed000000| Complete 
| 209|0x00000000ed100000, 0x00000000ed200000, 0x00000000ed200000|100%| E|CS|TAMS 0x00000000ed100000, 0x00000000ed100000| Complete 
| 210|0x00000000ed200000, 0x00000000ed300000, 0x00000000ed300000|100%| E|CS|TAMS 0x00000000ed200000, 0x00000000ed200000| Complete 
| 211|0x00000000ed300000, 0x00000000ed400000, 0x00000000ed400000|100%| E|CS|TAMS 0x00000000ed300000, 0x00000000ed300000| Complete 
| 212|0x00000000ed400000, 0x00000000ed500000, 0x00000000ed500000|100%| E|CS|TAMS 0x00000000ed400000, 0x00000000ed400000| Complete 
| 213|0x00000000ed500000, 0x00000000ed600000, 0x00000000ed600000|100%| E|CS|TAMS 0x00000000ed500000, 0x00000000ed500000| Complete 
| 214|0x00000000ed600000, 0x00000000ed700000, 0x00000000ed700000|100%| E|CS|TAMS 0x00000000ed600000, 0x00000000ed600000| Complete 
| 215|0x00000000ed700000, 0x00000000ed800000, 0x00000000ed800000|100%| E|CS|TAMS 0x00000000ed700000, 0x00000000ed700000| Complete 
| 216|0x00000000ed800000, 0x00000000ed900000, 0x00000000ed900000|100%| E|CS|TAMS 0x00000000ed800000, 0x00000000ed800000| Complete 
| 217|0x00000000ed900000, 0x00000000eda00000, 0x00000000eda00000|100%| E|CS|TAMS 0x00000000ed900000, 0x00000000ed900000| Complete 
| 218|0x00000000eda00000, 0x00000000edb00000, 0x00000000edb00000|100%| E|CS|TAMS 0x00000000eda00000, 0x00000000eda00000| Complete 
| 219|0x00000000edb00000, 0x00000000edc00000, 0x00000000edc00000|100%| E|CS|TAMS 0x00000000edb00000, 0x00000000edb00000| Complete 
| 220|0x00000000edc00000, 0x00000000edd00000, 0x00000000edd00000|100%| E|CS|TAMS 0x00000000edc00000, 0x00000000edc00000| Complete 
| 221|0x00000000edd00000, 0x00000000ede00000, 0x00000000ede00000|100%| E|CS|TAMS 0x00000000edd00000, 0x00000000edd00000| Complete 
| 222|0x00000000ede00000, 0x00000000edf00000, 0x00000000edf00000|100%| E|CS|TAMS 0x00000000ede00000, 0x00000000ede00000| Complete 
| 223|0x00000000edf00000, 0x00000000ee000000, 0x00000000ee000000|100%| E|CS|TAMS 0x00000000edf00000, 0x00000000edf00000| Complete 
| 224|0x00000000ee000000, 0x00000000ee100000, 0x00000000ee100000|100%| E|CS|TAMS 0x00000000ee000000, 0x00000000ee000000| Complete 
| 225|0x00000000ee100000, 0x00000000ee200000, 0x00000000ee200000|100%| E|CS|TAMS 0x00000000ee100000, 0x00000000ee100000| Complete 
| 226|0x00000000ee200000, 0x00000000ee300000, 0x00000000ee300000|100%| E|CS|TAMS 0x00000000ee200000, 0x00000000ee200000| Complete 
| 227|0x00000000ee300000, 0x00000000ee400000, 0x00000000ee400000|100%| E|CS|TAMS 0x00000000ee300000, 0x00000000ee300000| Complete 
| 228|0x00000000ee400000, 0x00000000ee500000, 0x00000000ee500000|100%| E|CS|TAMS 0x00000000ee400000, 0x00000000ee400000| Complete 
| 229|0x00000000ee500000, 0x00000000ee600000, 0x00000000ee600000|100%| S|CS|TAMS 0x00000000ee500000, 0x00000000ee500000| Complete 
| 230|0x00000000ee600000, 0x00000000ee700000, 0x00000000ee700000|100%| S|CS|TAMS 0x00000000ee600000, 0x00000000ee600000| Complete 
| 231|0x00000000ee700000, 0x00000000ee800000, 0x00000000ee800000|100%| S|CS|TAMS 0x00000000ee700000, 0x00000000ee700000| Complete 
| 232|0x00000000ee800000, 0x00000000ee900000, 0x00000000ee900000|100%| E|CS|TAMS 0x00000000ee800000, 0x00000000ee800000| Complete 
| 233|0x00000000ee900000, 0x00000000eea00000, 0x00000000eea00000|100%| E|  |TAMS 0x00000000ee900000, 0x00000000ee900000| Complete 
| 234|0x00000000eea00000, 0x00000000eeb00000, 0x00000000eeb00000|100%| E|CS|TAMS 0x00000000eea00000, 0x00000000eea00000| Complete 
| 235|0x00000000eeb00000, 0x00000000eec00000, 0x00000000eec00000|100%| E|CS|TAMS 0x00000000eeb00000, 0x00000000eeb00000| Complete 
| 236|0x00000000eec00000, 0x00000000eed00000, 0x00000000eed00000|100%| E|CS|TAMS 0x00000000eec00000, 0x00000000eec00000| Complete 
| 237|0x00000000eed00000, 0x00000000eee00000, 0x00000000eee00000|100%| E|CS|TAMS 0x00000000eed00000, 0x00000000eed00000| Complete 
| 238|0x00000000eee00000, 0x00000000eef00000, 0x00000000eef00000|100%| E|CS|TAMS 0x00000000eee00000, 0x00000000eee00000| Complete 
| 239|0x00000000eef00000, 0x00000000ef000000, 0x00000000ef000000|100%| E|CS|TAMS 0x00000000eef00000, 0x00000000eef00000| Complete 
| 240|0x00000000ef000000, 0x00000000ef100000, 0x00000000ef100000|100%| E|CS|TAMS 0x00000000ef000000, 0x00000000ef000000| Complete 
| 241|0x00000000ef100000, 0x00000000ef200000, 0x00000000ef200000|100%| E|CS|TAMS 0x00000000ef100000, 0x00000000ef100000| Complete 
| 242|0x00000000ef200000, 0x00000000ef300000, 0x00000000ef300000|100%| E|CS|TAMS 0x00000000ef200000, 0x00000000ef200000| Complete 
| 243|0x00000000ef300000, 0x00000000ef400000, 0x00000000ef400000|100%| E|CS|TAMS 0x00000000ef300000, 0x00000000ef300000| Complete 
| 244|0x00000000ef400000, 0x00000000ef500000, 0x00000000ef500000|100%| E|CS|TAMS 0x00000000ef400000, 0x00000000ef400000| Complete 
| 245|0x00000000ef500000, 0x00000000ef600000, 0x00000000ef600000|100%| E|CS|TAMS 0x00000000ef500000, 0x00000000ef500000| Complete 
| 246|0x00000000ef600000, 0x00000000ef700000, 0x00000000ef700000|100%| E|CS|TAMS 0x00000000ef600000, 0x00000000ef600000| Complete 
| 247|0x00000000ef700000, 0x00000000ef800000, 0x00000000ef800000|100%| E|CS|TAMS 0x00000000ef700000, 0x00000000ef700000| Complete 
| 248|0x00000000ef800000, 0x00000000ef900000, 0x00000000ef900000|100%| E|CS|TAMS 0x00000000ef800000, 0x00000000ef800000| Complete 
| 249|0x00000000ef900000, 0x00000000efa00000, 0x00000000efa00000|100%| E|CS|TAMS 0x00000000ef900000, 0x00000000ef900000| Complete 
| 250|0x00000000efa00000, 0x00000000efb00000, 0x00000000efb00000|100%| E|CS|TAMS 0x00000000efa00000, 0x00000000efa00000| Complete 
| 251|0x00000000efb00000, 0x00000000efc00000, 0x00000000efc00000|100%| E|CS|TAMS 0x00000000efb00000, 0x00000000efb00000| Complete 
| 252|0x00000000efc00000, 0x00000000efd00000, 0x00000000efd00000|100%| E|CS|TAMS 0x00000000efc00000, 0x00000000efc00000| Complete 
| 253|0x00000000efd00000, 0x00000000efe00000, 0x00000000efe00000|100%| E|CS|TAMS 0x00000000efd00000, 0x00000000efd00000| Complete 
| 254|0x00000000efe00000, 0x00000000eff00000, 0x00000000eff00000|100%| E|CS|TAMS 0x00000000efe00000, 0x00000000efe00000| Complete 
| 255|0x00000000eff00000, 0x00000000f0000000, 0x00000000f0000000|100%| E|CS|TAMS 0x00000000eff00000, 0x00000000eff00000| Complete 

Card table byte_map: [0x0000020637650000,0x0000020637750000] _byte_map_base: 0x0000020636f50000

Marking Bits (Prev, Next): (CMBitMap*) 0x000002061f96b748, (CMBitMap*) 0x000002061f96b780
 Prev Bits: [0x0000020637850000, 0x0000020638050000)
 Next Bits: [0x0000020638050000, 0x0000020638850000)

Polling page: 0x000002061d6c0000

Metaspace:

Usage:
  Non-class:     16.99 MB capacity,    16.67 MB ( 98%) used,   301.03 KB (  2%) free+waste,    29.38 KB ( <1%) overhead. 
      Class:      2.43 MB capacity,     2.32 MB ( 96%) used,    97.00 KB (  4%) free+waste,    14.25 KB ( <1%) overhead. 
       Both:     19.43 MB capacity,    18.99 MB ( 98%) used,   398.03 KB (  2%) free+waste,    43.63 KB ( <1%) overhead. 

Virtual space:
  Non-class space:       18.00 MB reserved,      17.00 MB ( 94%) committed 
      Class space:      248.00 MB reserved,       2.50 MB (  1%) committed 
             Both:      266.00 MB reserved,      19.50 MB (  7%) committed 

Chunk freelists:
   Non-Class:  768 bytes
       Class:  768 bytes
        Both:  1.50 KB

CodeHeap 'non-profiled nmethods': size=119168Kb used=716Kb max_used=726Kb free=118451Kb
 bounds [0x000002062f870000, 0x000002062fae0000, 0x0000020636cd0000]
CodeHeap 'profiled nmethods': size=119168Kb used=3605Kb max_used=3847Kb free=115562Kb
 bounds [0x0000020628410000, 0x00000206287e0000, 0x000002062f870000]
CodeHeap 'non-nmethods': size=7424Kb used=2812Kb max_used=2831Kb free=4611Kb
 bounds [0x0000020627cd0000, 0x0000020627fa0000, 0x0000020628410000]
 total_blobs=2757 nmethods=1649 adapters=361
 compilation: enabled
              stopped_count=0, restarted_count=0
 full_count=0

Compilation events (10 events):
Event: 2.341 Thread 0x000002063c22f000 1870       3       org.gradle.initialization.MixInLegacyTypesClassLoader::shouldTransform (42 bytes)
Event: 2.341 Thread 0x000002063c0a6000 1869   !   3       org.gradle.internal.classloader.TransformingClassLoader::findClass (203 bytes)
Event: 2.341 Thread 0x000002063c22f000 nmethod 1870 0x0000020628482510 code [0x0000020628482700, 0x0000020628482b60]
Event: 2.343 Thread 0x000002063c0a6000 nmethod 1869 0x000002062850be90 code [0x000002062850c3e0, 0x000002062850ed40]
Event: 2.348 Thread 0x000002063c22d800 1871       3       java.lang.StringBuilder::<init> (18 bytes)
Event: 2.348 Thread 0x000002063e8fb800 1872       3       java.util.ArrayList::toArray (57 bytes)
Event: 2.348 Thread 0x000002063c22f000 1873       1       sun.reflect.generics.repository.AbstractRepository::getFactory (5 bytes)
Event: 2.348 Thread 0x000002063c22d800 nmethod 1871 0x0000020628487910 code [0x0000020628487b00, 0x0000020628487e40]
Event: 2.348 Thread 0x000002063c22f000 nmethod 1873 0x000002062f8d6510 code [0x000002062f8d66c0, 0x000002062f8d67d8]
Event: 2.348 Thread 0x000002063e8fb800 nmethod 1872 0x0000020628487090 code [0x0000020628487280, 0x0000020628487800]

GC Heap History (2 events):
Event: 0.813 GC heap before
{Heap before GC invocations=0 (full 0):
 garbage-first heap   total 262144K, used 29696K [0x00000000e0000000, 0x0000000100000000)
  region size 1024K, 24 young (24576K), 0 survivors (0K)
 Metaspace       used 10779K, capacity 11047K, committed 11264K, reserved 264192K
  class space    used 1130K, capacity 1193K, committed 1280K, reserved 253952K
}
Event: 0.817 GC heap after
{Heap after GC invocations=1 (full 0):
 garbage-first heap   total 262144K, used 9035K [0x00000000e0000000, 0x0000000100000000)
  region size 1024K, 3 young (3072K), 3 survivors (3072K)
 Metaspace       used 10779K, capacity 11047K, committed 11264K, reserved 264192K
  class space    used 1130K, capacity 1193K, committed 1280K, reserved 253952K
}

Deoptimization events (10 events):
Event: 2.059 Thread 0x000002063ce70800 Uncommon trap: reason=bimorphic_or_optimized_type_check action=maybe_recompile pc=0x000002062f8d33fc method=java.util.AbstractList$Itr.next()Ljava/lang/Object; @ 14 c2
Event: 2.095 Thread 0x000002063d262800 Uncommon trap: reason=bimorphic_or_optimized_type_check action=maybe_recompile pc=0x000002062f9157bc method=java.util.HashMap.putVal(ILjava/lang/Object;Ljava/lang/Object;ZZ)Ljava/lang/Object; @ 253 c2
Event: 2.096 Thread 0x000002063d262800 Uncommon trap: reason=bimorphic_or_optimized_type_check action=maybe_recompile pc=0x000002062f9157bc method=java.util.HashMap.putVal(ILjava/lang/Object;Ljava/lang/Object;ZZ)Ljava/lang/Object; @ 253 c2
Event: 2.096 Thread 0x000002063d262800 Uncommon trap: reason=bimorphic_or_optimized_type_check action=maybe_recompile pc=0x000002062f9157bc method=java.util.HashMap.putVal(ILjava/lang/Object;Ljava/lang/Object;ZZ)Ljava/lang/Object; @ 253 c2
Event: 2.096 Thread 0x000002063d262800 Uncommon trap: reason=bimorphic_or_optimized_type_check action=maybe_recompile pc=0x000002062f9157bc method=java.util.HashMap.putVal(ILjava/lang/Object;Ljava/lang/Object;ZZ)Ljava/lang/Object; @ 253 c2
Event: 2.112 Thread 0x000002063d262800 Uncommon trap: reason=bimorphic_or_optimized_type_check action=maybe_recompile pc=0x000002062f8bd6b0 method=java.util.concurrent.ConcurrentHashMap.get(Ljava/lang/Object;)Ljava/lang/Object; @ 149 c2
Event: 2.157 Thread 0x000002063d262800 Uncommon trap: reason=unstable_if action=reinterpret pc=0x000002062f8af588 method=java.util.concurrent.ConcurrentHashMap.transfer([Ljava/util/concurrent/ConcurrentHashMap$Node;[Ljava/util/concurrent/ConcurrentHashMap$Node;)V @ 26 c2
Event: 2.236 Thread 0x000002063d262800 Uncommon trap: reason=class_check action=maybe_recompile pc=0x000002062f8c525c method=java.util.regex.Matcher.match(II)Z @ 121 c2
Event: 2.246 Thread 0x000002063d262800 Uncommon trap: reason=unstable_if action=reinterpret pc=0x000002062f8c8200 method=java.util.regex.Matcher.reset()Ljava/util/regex/Matcher; @ 71 c2
Event: 2.246 Thread 0x000002063d262800 Uncommon trap: reason=unstable_if action=reinterpret pc=0x000002062f8c52d4 method=java.util.regex.Matcher.match(II)Z @ 76 c2

Classes redefined (0 events):
No events

Internal exceptions (10 events):
Event: 1.455 Thread 0x000002061f943800 Exception <a 'java/lang/NoSuchMethodError'{0x00000000ed3ca140}: java.lang.invoke.DirectMethodHandle$Holder.invokeStaticInit(Ljava/lang/Object;Ljava/lang/Object;Ljava/lang/Object;)Ljava/lang/Object;> (0x00000000ed3ca140) thrown at [t:/workspace/open/src/ho
Event: 1.503 Thread 0x000002061f943800 Exception <a 'java/lang/NoSuchMethodError'{0x00000000ed049900}: java.lang.invoke.Invokers$Holder.invoker(Ljava/lang/Object;Ljava/lang/Object;Ljava/lang/Object;Ljava/lang/Object;Ljava/lang/Object;)Ljava/lang/Object;> (0x00000000ed049900) thrown at [t:/work
Event: 1.505 Thread 0x000002061f943800 Exception <a 'java/lang/NoSuchMethodError'{0x00000000ed05a570}: java.lang.invoke.DelegatingMethodHandle$Holder.delegate(Ljava/lang/Object;Ljava/lang/Object;ILjava/lang/Object;)V> (0x00000000ed05a570) thrown at [t:/workspace/open/src/hotspot/share/interpre
Event: 1.556 Thread 0x000002061f943800 Exception <a 'java/lang/NoSuchMethodError'{0x00000000ecd82990}: java.lang.invoke.DirectMethodHandle$Holder.invokeStaticInit(Ljava/lang/Object;IIII)Ljava/lang/Object;> (0x00000000ecd82990) thrown at [t:/workspace/open/src/hotspot/share/interpreter/linkReso
Event: 1.737 Thread 0x000002061f943800 Exception <a 'java/lang/NoSuchMethodError'{0x00000000ecda2fb8}: java.lang.invoke.DirectMethodHandle$Holder.invokeStaticInit(Ljava/lang/Object;Ljava/lang/Object;IIII)Ljava/lang/Object;> (0x00000000ecda2fb8) thrown at [t:/workspace/open/src/hotspot/share/in
Event: 2.037 Thread 0x000002061f943800 Exception <a 'java/io/IOException'{0x00000000ecbe7d70}> (0x00000000ecbe7d70) thrown at [t:/workspace/open/src/hotspot/share/prims/jni.cpp, line 615]
Event: 2.119 Thread 0x000002063d262800 Exception <a 'java/lang/NoSuchMethodError'{0x00000000ec61d6f0}: java.lang.invoke.DelegatingMethodHandle$Holder.reinvoke_L(Ljava/lang/Object;Ljava/lang/Object;Ljava/lang/Object;Ljava/lang/Object;)V> (0x00000000ec61d6f0) thrown at [t:/workspace/open/src/hot
Event: 2.123 Thread 0x000002063d262800 Exception <a 'java/lang/NoSuchMethodError'{0x00000000ec654130}: java.lang.invoke.DirectMethodHandle$Holder.invokeInterface(Ljava/lang/Object;Ljava/lang/Object;)J> (0x00000000ec654130) thrown at [t:/workspace/open/src/hotspot/share/interpreter/linkResolver
Event: 2.125 Thread 0x000002063d262800 Exception <a 'java/lang/NoSuchMethodError'{0x00000000ec674520}: java.lang.invoke.DelegatingMethodHandle$Holder.reinvoke_L(Ljava/lang/Object;Ljava/lang/Object;Ljava/lang/Object;Ljava/lang/Object;Ljava/lang/Object;Ljava/lang/Object;Ljava/lang/Object;)V> (0x
Event: 2.174 Thread 0x000002063d262800 Exception <a 'java/lang/NoSuchMethodError'{0x00000000ec1837c8}: java.lang.invoke.DirectMethodHandle$Holder.invokeVirtual(Ljava/lang/Object;Ljava/lang/Object;Ljava/lang/Object;)Ljava/lang/Object;> (0x00000000ec1837c8) thrown at [t:/workspace/open/src/hotsp

Events (10 events):
Event: 2.352 loading class org/gradle/api/internal/component/ArtifactType
Event: 2.352 loading class org/gradle/api/internal/component/ArtifactType done
Event: 2.352 loading class org/gradle/api/publish/maven/internal/MavenPublishServices$ComponentRegistrationAction
Event: 2.352 loading class org/gradle/api/publish/maven/internal/MavenPublishServices$ComponentRegistrationAction done
Event: 2.352 loading class org/gradle/api/publication/maven/internal/VersionRangeMapper
Event: 2.352 loading class org/gradle/api/publication/maven/internal/VersionRangeMapper done
Event: 2.352 loading class org/gradle/api/publication/maven/internal/MavenFactory
Event: 2.352 loading class org/gradle/api/publication/maven/internal/MavenFactory done
Event: 2.353 loading class org/gradle/api/publish/maven/internal/publisher/MavenPublishers
Event: 2.353 loading class org/gradle/api/publish/maven/internal/publisher/MavenPublishers done


Dynamic libraries:
0x00007ff6a64d0000 - 0x00007ff6a6517000 	C:\Program Files\Java\jdk-11.0.6\bin\java.exe
0x00007ffbc40e0000 - 0x00007ffbc42d0000 	C:\WINDOWS\SYSTEM32\ntdll.dll
0x00007ffbc3570000 - 0x00007ffbc3622000 	C:\WINDOWS\System32\KERNEL32.DLL
0x00007ffbc12b0000 - 0x00007ffbc1553000 	C:\WINDOWS\System32\KERNELBASE.dll
0x00007ffbc3a70000 - 0x00007ffbc3b13000 	C:\WINDOWS\System32\ADVAPI32.dll
0x00007ffbc3970000 - 0x00007ffbc3a0e000 	C:\WINDOWS\System32\msvcrt.dll
0x00007ffbc3080000 - 0x00007ffbc3117000 	C:\WINDOWS\System32\sechost.dll
0x00007ffbc3120000 - 0x00007ffbc3240000 	C:\WINDOWS\System32\RPCRT4.dll
0x00007ffbc2970000 - 0x00007ffbc2b04000 	C:\WINDOWS\System32\USER32.dll
0x00007ffbc1560000 - 0x00007ffbc1581000 	C:\WINDOWS\System32\win32u.dll
0x00007ffbc2880000 - 0x00007ffbc28a6000 	C:\WINDOWS\System32\GDI32.dll
0x00007ffbc1070000 - 0x00007ffbc1204000 	C:\WINDOWS\System32\gdi32full.dll
0x00007ffbc1210000 - 0x00007ffbc12ae000 	C:\WINDOWS\System32\msvcp_win.dll
0x00007ffbc2090000 - 0x00007ffbc218a000 	C:\WINDOWS\System32\ucrtbase.dll
0x00007ffbb3e60000 - 0x00007ffbb40e5000 	C:\WINDOWS\WinSxS\amd64_microsoft.windows.common-controls_6595b64144ccf1df_6.0.18362.592_none_e6c0b1911312be02\COMCTL32.dll
0x00007ffbc3630000 - 0x00007ffbc3966000 	C:\WINDOWS\System32\combase.dll
0x00007ffbc1fc0000 - 0x00007ffbc2040000 	C:\WINDOWS\System32\bcryptPrimitives.dll
0x00007ffbbb4a0000 - 0x00007ffbbb4aa000 	C:\WINDOWS\SYSTEM32\VERSION.dll
0x00007ffbc2b10000 - 0x00007ffbc2b3e000 	C:\WINDOWS\System32\IMM32.DLL
0x00007ffba6eb0000 - 0x00007ffba6ec6000 	C:\Program Files\Java\jdk-11.0.6\bin\vcruntime140.dll
0x00007ffba1000000 - 0x00007ffba10aa000 	C:\Program Files\Java\jdk-11.0.6\bin\msvcp140.dll
0x00007ffb7c060000 - 0x00007ffb7cb89000 	C:\Program Files\Java\jdk-11.0.6\bin\server\jvm.dll
0x00007ffbc3b20000 - 0x00007ffbc3b28000 	C:\WINDOWS\System32\PSAPI.DLL
0x00007ffbbeae0000 - 0x00007ffbbeb04000 	C:\WINDOWS\SYSTEM32\WINMM.dll
0x00007ffbadec0000 - 0x00007ffbadec9000 	C:\WINDOWS\SYSTEM32\WSOCK32.dll
0x00007ffbc2ee0000 - 0x00007ffbc2f4f000 	C:\WINDOWS\System32\WS2_32.dll
0x00007ffbbe8c0000 - 0x00007ffbbe8ed000 	C:\WINDOWS\SYSTEM32\winmmbase.dll
0x00007ffbc2040000 - 0x00007ffbc208a000 	C:\WINDOWS\System32\cfgmgr32.dll
0x00007ffbc1050000 - 0x00007ffbc1061000 	C:\WINDOWS\System32\kernel.appcore.dll
0x00007ffba3bf0000 - 0x00007ffba3c01000 	C:\Program Files\Java\jdk-11.0.6\bin\verify.dll
0x00007ffbad5e0000 - 0x00007ffbad7d4000 	C:\WINDOWS\SYSTEM32\DBGHELP.DLL
0x00007ffbade60000 - 0x00007ffbade8a000 	C:\WINDOWS\SYSTEM32\dbgcore.DLL
0x00007ffba3b20000 - 0x00007ffba3b49000 	C:\Program Files\Java\jdk-11.0.6\bin\java.dll
0x00007ffba3a60000 - 0x00007ffba3a76000 	C:\Program Files\Java\jdk-11.0.6\bin\zip.dll
0x00007ffbb0d60000 - 0x00007ffbb0d6a000 	C:\Program Files\Java\jdk-11.0.6\bin\jimage.dll
0x00007ffbc2190000 - 0x00007ffbc2875000 	C:\WINDOWS\System32\SHELL32.dll
0x00007ffbc3310000 - 0x00007ffbc33b9000 	C:\WINDOWS\System32\shcore.dll
0x00007ffbc16e0000 - 0x00007ffbc1e5f000 	C:\WINDOWS\System32\windows.storage.dll
0x00007ffbc1030000 - 0x00007ffbc104f000 	C:\WINDOWS\System32\profapi.dll
0x00007ffbc0fe0000 - 0x00007ffbc102a000 	C:\WINDOWS\System32\powrprof.dll
0x00007ffbc0fb0000 - 0x00007ffbc0fc0000 	C:\WINDOWS\System32\UMPDC.dll
0x00007ffbc28b0000 - 0x00007ffbc2902000 	C:\WINDOWS\System32\shlwapi.dll
0x00007ffbc1e90000 - 0x00007ffbc1ea7000 	C:\WINDOWS\System32\cryptsp.dll
0x00007ffba1b60000 - 0x00007ffba1b79000 	C:\Program Files\Java\jdk-11.0.6\bin\net.dll
0x00007ffbb7390000 - 0x00007ffbb7480000 	C:\WINDOWS\SYSTEM32\WINHTTP.dll
0x00007ffbc0820000 - 0x00007ffbc0887000 	C:\WINDOWS\system32\mswsock.dll
0x00007ffba1a60000 - 0x00007ffba1a73000 	C:\Program Files\Java\jdk-11.0.6\bin\nio.dll
0x00007ffba0fd0000 - 0x00007ffba0ff6000 	C:\Users\woom\.gradle\native\30\windows-amd64\native-platform.dll
0x00007ffbac9c0000 - 0x00007ffbac9c9000 	C:\Program Files\Java\jdk-11.0.6\bin\management.dll
0x00007ffba8410000 - 0x00007ffba841c000 	C:\Program Files\Java\jdk-11.0.6\bin\management_ext.dll
0x00007ffbc0390000 - 0x00007ffbc03c3000 	C:\WINDOWS\system32\rsaenh.dll
0x00007ffbc1e60000 - 0x00007ffbc1e86000 	C:\WINDOWS\System32\bcrypt.dll
0x00007ffbc0ea0000 - 0x00007ffbc0ec5000 	C:\WINDOWS\SYSTEM32\USERENV.dll
0x00007ffbc09f0000 - 0x00007ffbc09fc000 	C:\WINDOWS\SYSTEM32\CRYPTBASE.dll
0x00007ffbc0530000 - 0x00007ffbc056a000 	C:\WINDOWS\SYSTEM32\IPHLPAPI.DLL
0x00007ffbc3c00000 - 0x00007ffbc3c08000 	C:\WINDOWS\System32\NSI.dll
0x00007ffbbb170000 - 0x00007ffbbb186000 	C:\WINDOWS\SYSTEM32\dhcpcsvc6.DLL
0x00007ffbbb150000 - 0x00007ffbbb16c000 	C:\WINDOWS\SYSTEM32\dhcpcsvc.DLL
0x00007ffbc0570000 - 0x00007ffbc063a000 	C:\WINDOWS\SYSTEM32\DNSAPI.dll

dbghelp: loaded successfully - version: 4.0.5 - missing functions: none
symbol engine: initialized successfully - sym options: 0x614 - pdb path: .;C:\Program Files\Java\jdk-11.0.6\bin;C:\WINDOWS\SYSTEM32;C:\WINDOWS\WinSxS\amd64_microsoft.windows.common-controls_6595b64144ccf1df_6.0.18362.592_none_e6c0b1911312be02;C:\Program Files\Java\jdk-11.0.6\bin\server;C:\Users\woom\.gradle\native\30\windows-amd64

VM Arguments:
jvm_args: --add-opens=java.base/java.util=ALL-UNNAMED --add-opens=java.base/java.lang=ALL-UNNAMED --add-opens=java.base/java.lang.invoke=ALL-UNNAMED --add-opens=java.prefs/java.util.prefs=ALL-UNNAMED -XX:MaxMetaspaceSize=256m -XX:+HeapDumpOnOutOfMemoryError -Xms256m -Xmx512m -Dfile.encoding=x-windows-949 -Duser.country=KR -Duser.language=ko -Duser.variant 
java_command: org.gradle.launcher.daemon.bootstrap.GradleDaemon 6.0.1
java_class_path (initial): C:\Users\woom\.gradle\wrapper\dists\gradle-6.0.1-bin\1lxlpkiy24sb18odw96cp4ojv\gradle-6.0.1\lib\gradle-launcher-6.0.1.jar
Launcher Type: SUN_STANDARD

[Global flags]
     intx CICompilerCount                          = 12                                        {product} {ergonomic}
   size_t CompressedClassSpaceSize                 = 260046848                                 {product} {ergonomic}
     uint ConcGCThreads                            = 3                                         {product} {ergonomic}
     uint G1ConcRefinementThreads                  = 13                                        {product} {ergonomic}
   size_t G1HeapRegionSize                         = 1048576                                   {product} {ergonomic}
    uintx GCDrainStackTargetSize                   = 64                                        {product} {ergonomic}
     bool HeapDumpOnOutOfMemoryError               = true                                   {manageable} {command line}
   size_t InitialHeapSize                          = 268435456                                 {product} {command line}
   size_t MarkStackSize                            = 4194304                                   {product} {ergonomic}
   size_t MaxHeapSize                              = 536870912                                 {product} {command line}
   size_t MaxMetaspaceSize                         = 268435456                                 {product} {command line}
   size_t MaxNewSize                               = 321912832                                 {product} {ergonomic}
   size_t MinHeapDeltaBytes                        = 1048576                                   {product} {ergonomic}
    uintx NonNMethodCodeHeapSize                   = 7594288                                {pd product} {ergonomic}
    uintx NonProfiledCodeHeapSize                  = 122031976                              {pd product} {ergonomic}
    uintx ProfiledCodeHeapSize                     = 122031976                              {pd product} {ergonomic}
    uintx ReservedCodeCacheSize                    = 251658240                              {pd product} {ergonomic}
     bool SegmentedCodeCache                       = true                                      {product} {ergonomic}
     bool UseCompressedClassPointers               = true                                 {lp64_product} {ergonomic}
     bool UseCompressedOops                        = true                                 {lp64_product} {ergonomic}
     bool UseG1GC                                  = true                                      {product} {ergonomic}
     bool UseLargePagesIndividualAllocation        = false                                  {pd product} {ergonomic}

Logging:
Log output configuration:
 #0: stdout all=warning uptime,level,tags
 #1: stderr all=off uptime,level,tags

Environment Variables:
JAVA_HOME=C:\Program Files\Java\jdk-11.0.6
CLASSPATH=D:\java\intellij\jpashop\\gradle\wrapper\gradle-wrapper.jar
PATH=D:\app\woom\product\11.2.0\dbhome_1\bin;C:\Program Files (x86)\Common Files\Oracle\Java\javapath;C:\Windows\system32;C:\Windows;C:\Windows\System32\Wbem;C:\Windows\System32\WindowsPowerShell\v1.0\;C:\Program Files (x86)\NVIDIA Corporation\PhysX\Common;C:\WINDOWS\system32;C:\WINDOWS;C:\WINDOWS\System32\Wbem;C:\WINDOWS\System32\WindowsPowerShell\v1.0\;C:\WINDOWS\System32\OpenSSH\;C:\Program Files\NVIDIA Corporation\NVIDIA NvDLISR;D:\app\apache-tomcat-9.0.22\bin;C:\WINDOWS\system32;C:\WINDOWS;C:\WINDOWS\System32\Wbem;C:\WINDOWS\System32\WindowsPowerShell\v1.0\;C:\WINDOWS\System32\OpenSSH\;C:\Program Files\Git\cmd;D:\app\apache-maven-3.6.3\bin;D:\app\gradle-6.1\bin;C:\Program Files\Java\jdk-11.0.6;C:\Users\woom\AppData\Local\Microsoft\WindowsApps;C:\Program Files\Bandizip\;C:\Users\woom\AppData\Local\Programs\Microsoft VS Code\bin;C:\Users\woom\AppData\Local\GitHubDesktop\bin
USERNAME=woom
OS=Windows_NT
PROCESSOR_IDENTIFIER=AMD64 Family 23 Model 1 Stepping 1, AuthenticAMD



---------------  S Y S T E M  ---------------

OS: Windows 10 , 64 bit Build 18362 (10.0.18362.329)

CPU:total 16 (initial active 16) (16 cores per cpu, 2 threads per core) family 23 model 1 stepping 1, cmov, cx8, fxsr, mmx, sse, sse2, sse3, ssse3, sse4.1, sse4.2, popcnt, avx, avx2, aes, clmul, mmxext, 3dnowpref, lzcnt, sse4a, ht, tsc, tscinvbit, tscinv, bmi1, bmi2, adx, sha, fma

Memory: 4k page, system-wide physical 16316M (10462M free)
TotalPageFile size 21692M (AvailPageFile size 9640M)
current process WorkingSet (physical memory assigned to process): 170M, peak: 170M
current process commit charge ("private bytes"): 398M, peak: 398M

vm_info: Java HotSpot(TM) 64-Bit Server VM (11.0.6+8-LTS) for windows-amd64 JRE (11.0.6+8-LTS), built on Dec 11 2019 09:17:57 by "mach5one" with MS VC++ 15.5 (VS2017)

END.
